"../../../Engine/Content/Tutorial/SubEditors/TutorialAssets/Character/TutorialTPP_Mat.uasset" 0
"../../../Engine/Content/Tutorial/SubEditors/TutorialAssets/Character/TutorialTPP_PhysicsAsset.uasset" 1
"../../../Engine/Content/Tutorial/SubEditors/TutorialAssets/Character/TutorialTPP_Skeleton.uasset" 2
"../../../Engine/Content/Tutorial/SubEditors/TutorialAssets/Character/TutorialTPP.uasset" 3
"../../../../../repositories/uni/NeonBullet_01/Content/Blueprint/EnemyDrone_NEW.uasset" 4
"../../../Engine/Content/EditorBlueprintResources/StandardMacros.uasset" 5
"../../../../../repositories/uni/NeonBullet_01/Content/Textures/ParticleTextures/OurParticleTextures/T_Health_Sprite.uasset" 6
"../../../../../repositories/uni/NeonBullet_01/Content/Imports/Materials/M_Health.uasset" 7
"../../../Engine/Content/Functions/Engine_MaterialFunctions01/Opacity/CameraDepthFade.uasset" 8
"../../../Engine/Content/EngineMaterials/T_Default_Material_Grid_M.uasset" 9
"../../../Engine/Content/EngineMaterials/T_Default_Material_Grid_N.uasset" 10
"../../../Engine/Content/EngineMaterials/WorldGridMaterial.uasset" 11
"../../../Engine/Content/BasicShapes/Cube.uasset" 12
"../../../../../repositories/uni/NeonBullet_01/Content/Blueprint/EnemyBullet_BP.uasset" 13
"../../../../../repositories/uni/NeonBullet_01/Content/Imports/Materials/M_Godmode.uasset" 14
"../../../Engine/Content/EngineMaterials/DefaultMaterial.uasset" 15
"../../../Engine/Content/BasicShapes/Cylinder.uasset" 16
"../../../../../repositories/uni/NeonBullet_01/Content/Blueprint/PlayerBullet_BP.uasset" 17
"../../../Engine/Content/EngineFonts/Faces/DroidSansMono.uasset" 18
"../../../Engine/Content/EngineFonts/DroidSansMono.uasset" 19
"../../../../../repositories/uni/NeonBullet_01/Content/Blueprint/UI/GameOver_BP.uasset" 20
"../../../../../repositories/uni/NeonBullet_01/Content/Imports/Sounds/bhit_flesh-1.uasset" 21
"../../../../../repositories/uni/NeonBullet_01/Content/Imports/Sounds/die2.uasset" 22
"../../../../../repositories/uni/NeonBullet_01/Content/Imports/Sounds/gun_snd_01.uasset" 23
"../../../../../repositories/uni/NeonBullet_01/Content/Blueprint/PlayerCharacter_BP.uasset" 24
"../../../../../repositories/uni/NeonBullet_01/Content/Blueprint/GameMode_BP.uasset" 25
"../../../Engine/Content/BasicShapes/BasicShapeMaterial.uasset" 26
"../../../Engine/Content/BasicShapes/Sphere.uasset" 27
"../../../../../repositories/uni/NeonBullet_01/Content/Blueprint/Turret_Enemy.uasset" 28
"../../../../../repositories/uni/NeonBullet_01/Content/Blueprint/Powerups/InvulnerabilityPowerup.uasset" 29
"../../../Engine/Content/MapTemplates/Materials/BasicAsset01.uasset" 30
"../../../../../repositories/uni/NeonBullet_01/Content/Blueprint/Spawners_and_portals/Deactivated.uasset" 31
"../../../../../repositories/uni/NeonBullet_01/Content/Blueprint/UI/EnemyHealth_UI.uasset" 32
"../../../../../repositories/uni/NeonBullet_01/Content/Blueprint/UI/PlayerHealth_UI.uasset" 33
"../../../../../repositories/uni/NeonBullet_01/Content/Blueprint/UI/SettingsMenu_BP.uasset" 34
"../../../../../repositories/uni/NeonBullet_01/Content/Blueprint/UI/Wave_1_UI.uasset" 35
"../../../../../repositories/uni/NeonBullet_01/Content/Blueprint/UI/Wave_2_UI.uasset" 36
"../../../../../repositories/uni/NeonBullet_01/Content/Blueprint/UI/Wave_3_UI.uasset" 37
"../../../../../repositories/uni/NeonBullet_01/Content/Imports/Animations/Character_texture.uasset" 38
"../../../../../repositories/uni/NeonBullet_01/Content/Imports/Animations/lambert3.uasset" 39
"../../../../../repositories/uni/NeonBullet_01/Content/Imports/Animations/It_Da_Death_PhysicsAsset.uasset" 40
"../../../../../repositories/uni/NeonBullet_01/Content/Imports/Animations/Walk_Skeleton.uasset" 41
"../../../../../repositories/uni/NeonBullet_01/Content/Imports/Animations/It_Da_Death.uasset" 42
"../../../../../repositories/uni/NeonBullet_01/Content/Imports/Animations/Walk_PhysicsAsset.uasset" 43
"../../../../../repositories/uni/NeonBullet_01/Content/Imports/Animations/Walk.uasset" 44
"../../../Engine/Content/Functions/Engine_MaterialFunctions01/Density/ExponentialDensity.uasset" 45
"../../../Engine/Content/Functions/Engine_MaterialFunctions01/Gradient/RadialGradientExponential.uasset" 46
"../../../../../repositories/uni/NeonBullet_01/Content/Imports/Cursor/M_Cursor_Decal.uasset" 47
"../../../../../repositories/uni/NeonBullet_01/Content/Imports/Drones/lambert1.uasset" 48
"../../../../../repositories/uni/NeonBullet_01/Content/Imports/Drones/Drone.uasset" 49
"../../../../../repositories/uni/NeonBullet_01/Content/Imports/Drones/Hit_By_Bullet_Bomb_PhysicsAsset.uasset" 50
"../../../../../repositories/uni/NeonBullet_01/Content/Imports/Drones/I_see_you_Bomb_Skeleton.uasset" 51
"../../../../../repositories/uni/NeonBullet_01/Content/Imports/Drones/Hit_By_Bullet_Bomb.uasset" 52
"../../../../../repositories/uni/NeonBullet_01/Content/Imports/Drones/Hit_By_Bullet_Bomb_Anim.uasset" 53
"../../../../../repositories/uni/NeonBullet_01/Content/Imports/Drones/I_am_exploding_Bomb_PhysicsAsset.uasset" 54
"../../../../../repositories/uni/NeonBullet_01/Content/Imports/Drones/I_am_exploding_Bomb.uasset" 55
"../../../../../repositories/uni/NeonBullet_01/Content/Imports/Drones/I_am_exploding_Bomb_Anim.uasset" 56
"../../../../../repositories/uni/NeonBullet_01/Content/Imports/Drones/I_see_you_Bomb_Anim.uasset" 57
"../../../../../repositories/uni/NeonBullet_01/Content/Imports/Drones/Just_looking_Bomb_PhysicsAsset.uasset" 58
"../../../../../repositories/uni/NeonBullet_01/Content/Imports/Drones/Just_looking_Bomb.uasset" 59
"../../../../../repositories/uni/NeonBullet_01/Content/Imports/Drones/Just_looking_Bomb_Anim.uasset" 60
"../../Plugins/Enterprise/DatasmithContent/Content/Materials/FBXImporter/VREDMasterAbsorb.uasset" 61
"../../../../../repositories/uni/NeonBullet_01/Content/Imports/Materials/M_Speed.uasset" 62
"../../../../../repositories/uni/NeonBullet_01/Content/Imports/Pickups/speedboost.uasset" 63
"../../../../../repositories/uni/NeonBullet_01/Content/Imports/Player/Character_Glowing_Bits.uasset" 64
"../../../../../repositories/uni/NeonBullet_01/Content/Imports/Player/Chartacter_Main_Texture.uasset" 65
"../../../../../repositories/uni/NeonBullet_01/Content/Imports/Player/Scope_glass.uasset" 66
"../../../../../repositories/uni/NeonBullet_01/Content/Imports/Player/Weapon_Body.uasset" 67
"../../../../../repositories/uni/NeonBullet_01/Content/Imports/Player/Weapon_Glowing_Parts.uasset" 68
"../../../../../repositories/uni/NeonBullet_01/Content/Imports/Player/UnFinished_Character_polySurface3_PhysicsAsset.uasset" 69
"../../../../../repositories/uni/NeonBullet_01/Content/Imports/Player/UnFinished_Character_polySurface4_PhysicsAsset.uasset" 70
"../../../../../repositories/uni/NeonBullet_01/Content/Imports/Textures/Character/Character+Rigg_V2_Skeleton.uasset" 71
"../../../../../repositories/uni/NeonBullet_01/Content/Imports/Player/UnFinished_Character.uasset" 72
"../../../../../repositories/uni/NeonBullet_01/Content/Imports/Props/Bilboard.uasset" 73
"../../../../../repositories/uni/NeonBullet_01/Content/Imports/Props/Container.uasset" 74
"../../../../../repositories/uni/NeonBullet_01/Content/Imports/Props/Container_Steel.uasset" 75
"../../../../../repositories/uni/NeonBullet_01/Content/Imports/Props/Container_.uasset" 76
"../../../../../repositories/uni/NeonBullet_01/Content/Imports/Props/Barrel_Red.uasset" 77
"../../../../../repositories/uni/NeonBullet_01/Content/Imports/Props/RED_Barrel.uasset" 78
"../../../../../repositories/uni/NeonBullet_01/Content/Imports/Props/Truck_Connectors.uasset" 79
"../../../../../repositories/uni/NeonBullet_01/Content/Imports/Props/Truck_Door.uasset" 80
"../../../../../repositories/uni/NeonBullet_01/Content/Imports/Props/Truck_Main_Body.uasset" 81
"../../../../../repositories/uni/NeonBullet_01/Content/Imports/Props/Truck_Trunk.uasset" 82
"../../../../../repositories/uni/NeonBullet_01/Content/Imports/Props/Truck_Wheels.uasset" 83
"../../../../../repositories/uni/NeonBullet_01/Content/Imports/Props/Truck_Windows.uasset" 84
"../../../../../repositories/uni/NeonBullet_01/Content/Imports/Props/Wheels_Rubber.uasset" 85
"../../../../../repositories/uni/NeonBullet_01/Content/Imports/Props/Wheels_Steel.uasset" 86
"../../../../../repositories/uni/NeonBullet_01/Content/Imports/Props/Truck.uasset" 87
"../../../../../repositories/uni/NeonBullet_01/Content/Imports/Sounds/aug-1.uasset" 88
"../../../../../repositories/uni/NeonBullet_01/Content/Imports/Sounds/famas-1.uasset" 89
"../../../../../repositories/uni/NeonBullet_01/Content/Imports/Sounds/flashbang-1.uasset" 90
"../../../../../repositories/uni/NeonBullet_01/Content/Imports/Sounds/headshot3.uasset" 91
"../../../../../repositories/uni/NeonBullet_01/Content/Imports/Sounds/law_fire.uasset" 92
"../../../../../repositories/uni/NeonBullet_01/Content/Imports/Sounds/prepare4.uasset" 93
"../../../../../repositories/uni/NeonBullet_01/Content/Imports/Sounds/ump45-1.uasset" 94
"../../../../../repositories/uni/NeonBullet_01/Content/Imports/Sounds/usp1.uasset" 95
"../../../../../repositories/uni/NeonBullet_01/Content/Imports/Textures/Barrel/Barrel_ao.uasset" 96
"../../../../../repositories/uni/NeonBullet_01/Content/Imports/Textures/Barrel/Barrel_BaseColor.uasset" 97
"../../../../../repositories/uni/NeonBullet_01/Content/Imports/Textures/Barrel/Barrel_Displacement.uasset" 98
"../../../../../repositories/uni/NeonBullet_01/Content/Imports/Textures/Barrel/Barrel_EmissiveColor.uasset" 99
"../../../../../repositories/uni/NeonBullet_01/Content/Imports/Textures/Barrel/Barrel_Metalness.uasset" 100
"../../../../../repositories/uni/NeonBullet_01/Content/Imports/Textures/Barrel/Barrel_Normal.uasset" 101
"../../../../../repositories/uni/NeonBullet_01/Content/Imports/Textures/Barrel/Barrel_Opacity.uasset" 102
"../../../../../repositories/uni/NeonBullet_01/Content/Imports/Textures/Barrel/Barrel_Roughness.uasset" 103
"../../../../../repositories/uni/NeonBullet_01/Content/Imports/Textures/Barrel/BarrelMaterial.uasset" 104
"../../../../../repositories/uni/NeonBullet_01/Content/Imports/Textures/Barrel/Barrel.uasset" 105
"../../../../../repositories/uni/NeonBullet_01/Content/Imports/Textures/Barrel/Barrel_Roughness_Mat.uasset" 106
"../../../../../repositories/uni/NeonBullet_01/Content/Imports/Textures/Bilboard/Bilboard_ao.uasset" 107
"../../../../../repositories/uni/NeonBullet_01/Content/Imports/Textures/Bilboard/Bilboard_BaseColor.uasset" 108
"../../../../../repositories/uni/NeonBullet_01/Content/Imports/Textures/Bilboard/Bilboard_Displacement.uasset" 109
"../../../../../repositories/uni/NeonBullet_01/Content/Imports/Textures/Bilboard/Bilboard_EmissiveColor.uasset" 110
"../../../../../repositories/uni/NeonBullet_01/Content/Imports/Textures/Bilboard/Bilboard_Metalness.uasset" 111
"../../../../../repositories/uni/NeonBullet_01/Content/Imports/Textures/Bilboard/Bilboard_Normal.uasset" 112
"../../../../../repositories/uni/NeonBullet_01/Content/Imports/Textures/Bilboard/Bilboard_Opacity.uasset" 113
"../../../../../repositories/uni/NeonBullet_01/Content/Imports/Textures/Bilboard/Bilboard_Roughness.uasset" 114
"../../../../../repositories/uni/NeonBullet_01/Content/Imports/Textures/Bilboard/BilboardMaterial.uasset" 115
"../../../../../repositories/uni/NeonBullet_01/Content/Imports/Textures/Bilboard/Bilboard.uasset" 116
"../../../../../repositories/uni/NeonBullet_01/Content/Imports/Textures/Bilboard/Bilboard_BaseColor_Mat.uasset" 117
"../../../../../repositories/uni/NeonBullet_01/Content/Imports/Textures/Character/PC_ao.uasset" 118
"../../../../../repositories/uni/NeonBullet_01/Content/Imports/Textures/Character/PC_BaseColor.uasset" 119
"../../../../../repositories/uni/NeonBullet_01/Content/Imports/Textures/Character/PC_Displacement.uasset" 120
"../../../../../repositories/uni/NeonBullet_01/Content/Imports/Textures/Character/PC_EmissiveColor.uasset" 121
"../../../../../repositories/uni/NeonBullet_01/Content/Imports/Textures/Character/PC_Metalness.uasset" 122
"../../../../../repositories/uni/NeonBullet_01/Content/Imports/Textures/Character/PC_Normal.uasset" 123
"../../../../../repositories/uni/NeonBullet_01/Content/Imports/Textures/Character/PC_Opacity.uasset" 124
"../../../../../repositories/uni/NeonBullet_01/Content/Imports/Textures/Character/PC_Roughness.uasset" 125
"../../../../../repositories/uni/NeonBullet_01/Content/Imports/Textures/Character/Character_texture.uasset" 126
"../../../../../repositories/uni/NeonBullet_01/Content/Imports/Textures/Character/lambert3.uasset" 127
"../../../../../repositories/uni/NeonBullet_01/Content/Imports/Textures/Character/Character+Rigg_V2_PhysicsAsset.uasset" 128
"../../../../../repositories/uni/NeonBullet_01/Content/Imports/Textures/Character/Character+Rigg_V2.uasset" 129
"../../../../../repositories/uni/NeonBullet_01/Content/Imports/Textures/Fountain/Fountain_ao.uasset" 130
"../../../../../repositories/uni/NeonBullet_01/Content/Imports/Textures/Fountain/Fountain_BaseColor.uasset" 131
"../../../../../repositories/uni/NeonBullet_01/Content/Imports/Textures/Fountain/Fountain_Displacement.uasset" 132
"../../../../../repositories/uni/NeonBullet_01/Content/Imports/Textures/Fountain/Fountain_Metalness.uasset" 133
"../../../../../repositories/uni/NeonBullet_01/Content/Imports/Textures/Fountain/Fountain_Normal.uasset" 134
"../../../../../repositories/uni/NeonBullet_01/Content/Imports/Textures/Fountain/Fountain_Opacity.uasset" 135
"../../../../../repositories/uni/NeonBullet_01/Content/Imports/Textures/Fountain/Fountain_Roughness.uasset" 136
"../../../../../repositories/uni/NeonBullet_01/Content/Imports/Textures/Fountain/FountainMaterial.uasset" 137
"../../../../../repositories/uni/NeonBullet_01/Content/Imports/Textures/Fountain/Fountain.uasset" 138
"../../../../../repositories/uni/NeonBullet_01/Content/Imports/Textures/Fountain/Fountain_EmissiveColor.uasset" 139
"../../../../../repositories/uni/NeonBullet_01/Content/Imports/Textures/Road_Block/Road_Block_ao.uasset" 140
"../../../../../repositories/uni/NeonBullet_01/Content/Imports/Textures/Road_Block/Road_Block_BaseColor.uasset" 141
"../../../../../repositories/uni/NeonBullet_01/Content/Imports/Textures/Road_Block/Road_Block_Displacement.uasset" 142
"../../../../../repositories/uni/NeonBullet_01/Content/Imports/Textures/Road_Block/Road_Block_Metalness.uasset" 143
"../../../../../repositories/uni/NeonBullet_01/Content/Imports/Textures/Road_Block/Road_Block_Normal.uasset" 144
"../../../../../repositories/uni/NeonBullet_01/Content/Imports/Textures/Road_Block/Road_Block_Opacity.uasset" 145
"../../../../../repositories/uni/NeonBullet_01/Content/Imports/Textures/Road_Block/Road_Block_Roughness.uasset" 146
"../../../../../repositories/uni/NeonBullet_01/Content/Imports/Textures/Road_Block/Road_BlockMaterial.uasset" 147
"../../../../../repositories/uni/NeonBullet_01/Content/Imports/Textures/Road_Block/Road_Block.uasset" 148
"../../../../../repositories/uni/NeonBullet_01/Content/Imports/Textures/Road_Block/Road_Block_EmissiveColor.uasset" 149
"../../../../../repositories/uni/NeonBullet_01/Content/Imports/Textures/Traffic_Cone/Traffic_Cone_BaseColor.uasset" 150
"../../../../../repositories/uni/NeonBullet_01/Content/Imports/Textures/Traffic_Cone/Traffic_Cone_Displacement.uasset" 151
"../../../../../repositories/uni/NeonBullet_01/Content/Imports/Textures/Traffic_Cone/Traffic_Cone_EmissiveColor.uasset" 152
"../../../../../repositories/uni/NeonBullet_01/Content/Imports/Textures/Traffic_Cone/Traffic_Cone_Metalness.uasset" 153
"../../../../../repositories/uni/NeonBullet_01/Content/Imports/Textures/Traffic_Cone/Traffic_Cone_Normal.uasset" 154
"../../../../../repositories/uni/NeonBullet_01/Content/Imports/Textures/Traffic_Cone/Traffic_Cone_Opacity.uasset" 155
"../../../../../repositories/uni/NeonBullet_01/Content/Imports/Textures/Traffic_Cone/Traffic_Cone_Roughness.uasset" 156
"../../../../../repositories/uni/NeonBullet_01/Content/Imports/Textures/Traffic_Cone/Traffic_ConeMaterial.uasset" 157
"../../../../../repositories/uni/NeonBullet_01/Content/Imports/Textures/Traffic_Cone/Traffic_Cone.uasset" 158
"../../../../../repositories/uni/NeonBullet_01/Content/Imports/Textures/Traffic_Cone/Traffic_Cone_ao.uasset" 159
"../../../../../repositories/uni/NeonBullet_01/Content/Imports/Turrets/lambert1.uasset" 160
"../../../../../repositories/uni/NeonBullet_01/Content/Imports/Turrets/Imma_Shoot_you_Turret_PhysicsAsset.uasset" 161
"../../../../../repositories/uni/NeonBullet_01/Content/Imports/Turrets/Imma_Shoot_you_Turret_Skeleton.uasset" 162
"../../../../../repositories/uni/NeonBullet_01/Content/Imports/Turrets/Imma_Shoot_you_Turret.uasset" 163
"../../../../../repositories/uni/NeonBullet_01/Content/Imports/Turrets/Turret_2.uasset" 164
"../../../../../repositories/uni/NeonBullet_01/Content/Meshes/fireboost1.uasset" 165
"../../../../../repositories/uni/NeonBullet_01/Content/Meshes/fireboost.uasset" 166
"../../../../../repositories/uni/NeonBullet_01/Content/Meshes/healthpack_blue.uasset" 167
"../../../../../repositories/uni/NeonBullet_01/Content/Meshes/healthpack_green.uasset" 168
"../../../../../repositories/uni/NeonBullet_01/Content/Meshes/healthpack_white.uasset" 169
"../../../../../repositories/uni/NeonBullet_01/Content/Meshes/healthpack_boxalone2.uasset" 170
"../../../../../repositories/uni/NeonBullet_01/Content/Meshes/defaultMat.uasset" 171
"../../../../../repositories/uni/NeonBullet_01/Content/Meshes/Main_Mech_Final_Version.uasset" 172
"../../../../../repositories/uni/NeonBullet_01/Content/Meshes/StaticMesh.uasset" 173
"../../../../../repositories/uni/NeonBullet_01/Content/Textures/ParticleTextures/OurParticleTextures/T_Dot.uasset" 174
"../../../../../repositories/uni/NeonBullet_01/Content/Textures/ParticleTextures/OurParticleTextures/T_DotInvert.uasset" 175
"../../../../../repositories/uni/NeonBullet_01/Content/Textures/ParticleTextures/OurParticleTextures/T_Health_Sprite_Trans.uasset" 176
"../../../../../repositories/uni/NeonBullet_01/Content/Textures/ParticleTextures/OurParticleTextures/T_StunDischargeMap.uasset" 177
"../../../Engine/Content/ArtTools/RenderToTexture/Meshes/S_1_Unit_Plane.uasset" 178
"../../../Engine/Content/BasicShapes/Cone.uasset" 179
"../../../Engine/Content/BasicShapes/Plane.uasset" 180
"../../../Engine/Content/EditorLandscapeResources/DataLayer.uasset" 181
"../../../Engine/Content/EditorMaterials/GizmoMaterial.uasset" 182
"../../../Engine/Content/EditorMaterials/MAT_Groups_Toggle.uasset" 183
"../../../Engine/Content/EditorMaterials/MAT_Groups_Visibility.uasset" 184
"../../../Engine/Content/EditorMaterials/PreviewShadowIndicator.uasset" 185
"../../../Engine/Content/EditorMaterials/PreviewShadowIndicatorMaterial.uasset" 186
"../../../Engine/Content/EditorMaterials/MatineeGroups/MAT_ColorTrack.uasset" 187
"../../../Engine/Content/EditorMaterials/MatineeGroups/MAT_Groups_Anim.uasset" 188
"../../../Engine/Content/EditorMaterials/MatineeGroups/MAT_Groups_AudioMaster.uasset" 189
"../../../Engine/Content/EditorMaterials/MatineeGroups/MAT_Groups_Director.uasset" 190
"../../../Engine/Content/EditorMaterials/MatineeGroups/MAT_Groups_Event.uasset" 191
"../../../Engine/Content/EditorMaterials/MatineeGroups/MAT_Groups_Fade.uasset" 192
"../../../Engine/Content/EditorMaterials/MatineeGroups/MAT_Groups_Float.uasset" 193
"../../../Engine/Content/EditorMaterials/MatineeGroups/MAT_Groups_Move.uasset" 194
"../../../Engine/Content/EditorMaterials/MatineeGroups/MAT_Groups_Slomo.uasset" 195
"../../../Engine/Content/EditorMaterials/MatineeGroups/MAT_Groups_Sound.uasset" 196
"../../../Engine/Content/EditorMaterials/MatineeGroups/MAT_Groups_Vector.uasset" 197
"../../../Engine/Content/EditorMaterials/ParticleSystems/PSysThumbnail_NoImage.uasset" 198
"../../../Engine/Content/EditorMaterials/ParticleSystems/PSysThumbnail_OOD.uasset" 199
"../../../Engine/Content/EditorMaterials/Camera/CineMat.uasset" 200
"../../../Engine/Content/EditorMaterials/Camera/MI_CineMat_Rig.uasset" 201
"../../../Engine/Content/EditorMeshes/Camera/SM_CraneRig_Arm.uasset" 202
"../../../Engine/Content/EditorMeshes/Camera/SM_CraneRig_Base.uasset" 203
"../../../Engine/Content/EditorMeshes/Camera/SM_CraneRig_Body.uasset" 204
"../../../Engine/Content/EditorMeshes/Camera/SM_CraneRig_Mount.uasset" 205
"../../../Engine/Content/EditorMeshes/Camera/SM_RailRig_Mount.uasset" 206
"../../../Engine/Content/EditorMeshes/Camera/SM_RailRig_Track.uasset" 207
"../../../Engine/Content/EditorResources/BSPVertex.uasset" 208
"../../../Engine/Content/EditorResources/EmptyActor.uasset" 209
"../../../Engine/Content/EditorResources/S_Actor.uasset" 210
"../../../Engine/Content/EditorResources/S_Trigger.uasset" 211
"../../../Engine/Content/EditorResources/LightIcons/S_LightError.uasset" 212
"../../../Engine/Content/EditorResources/SequenceRecorder/Countdown.uasset" 213
"../../../Engine/Content/EditorResources/SequenceRecorder/RecordingIndicator.uasset" 214
"../../../Engine/Content/EditorSounds/Notifications/CompileFailed.uasset" 215
"../../../Engine/Content/EditorSounds/Notifications/CompileFailed_Cue.uasset" 216
"../../../Engine/Content/EditorSounds/Notifications/CompileSuccess.uasset" 217
"../../../Engine/Content/EditorSounds/Notifications/CompileStart_Cue.uasset" 218
"../../../Engine/Content/EditorSounds/Notifications/CompileSuccess_Cue.uasset" 219
"../../../Engine/Content/EngineDamageTypes/DmgTypeBP_Environmental.uasset" 220
"../../../Engine/Content/EngineDebugMaterials/HeatmapGradient.uasset" 221
"../../../Engine/Content/EngineDebugMaterials/BoneWeightMaterial.uasset" 222
"../../../Engine/Content/EngineDebugMaterials/ClothMaterial.uasset" 223
"../../../Engine/Content/EngineDebugMaterials/ClothMaterial_WF.uasset" 224
"../../../Engine/Content/EngineDebugMaterials/DebugEditorMaterial.uasset" 225
"../../../Engine/Content/EngineDebugMaterials/DebugMeshMaterial.uasset" 226
"../../../Engine/Content/EngineDebugMaterials/GeomMaterial.uasset" 227
"../../../Engine/Content/EngineDebugMaterials/M_SimpleTranslucent.uasset" 228
"../../../Engine/Content/EngineFonts/Faces/RobotoBold.uasset" 229
"../../../Engine/Content/EngineFonts/Faces/RobotoBoldItalic.uasset" 230
"../../../Engine/Content/EngineFonts/Faces/RobotoItalic.uasset" 231
"../../../Engine/Content/EngineFonts/Faces/RobotoLight.uasset" 232
"../../../Engine/Content/EngineFonts/Faces/RobotoRegular.uasset" 233
"../../../Engine/Content/EngineFonts/Roboto.uasset" 234
"../../../Engine/Content/EngineFonts/Faces/RobotoTiny.uasset" 235
"../../../Engine/Content/EngineFonts/RobotoTiny.uasset" 236
"../../../Engine/Content/EngineMaterials/BaseFlattenDiffuseMap.uasset" 237
"../../../Engine/Content/EngineMaterials/BaseFlattenEmissiveMap.uasset" 238
"../../../Engine/Content/EngineMaterials/BaseFlattenGrayscaleMap.uasset" 239
"../../../Engine/Content/EngineMaterials/BaseFlattenNormalMap.uasset" 240
"../../../Engine/Content/EngineMaterials/BaseFlattenMaterial.uasset" 241
"../../../Engine/Content/EngineMaterials/DefaultBloomKernel.uasset" 242
"../../../Engine/Content/EngineMaterials/DefaultBokeh.uasset" 243
"../../../Engine/Content/EngineMaterials/DefaultDiffuse.uasset" 244
"../../../Engine/Content/EngineMaterials/DefaultDeferredDecalMaterial.uasset" 245
"../../../Engine/Content/EngineMaterials/DefaultLightFunctionMaterial.uasset" 246
"../../../Engine/Content/EngineMaterials/DefaultPhysicalMaterial.uasset" 247
"../../../Engine/Content/Functions/Engine_MaterialFunctions02/Utility/BreakOutFloat2Components.uasset" 248
"../../../Engine/Content/EngineMaterials/DefaultPostProcessMaterial.uasset" 249
"../../../Engine/Content/EngineFonts/RobotoDistanceField.uasset" 250
"../../../Engine/Content/EngineMaterials/DefaultTextMaterialOpaque.uasset" 251
"../../../Engine/Content/EngineMaterials/DefaultWhiteGrid.uasset" 252
"../../../Engine/Content/EngineMaterials/EditorBrushMaterial.uasset" 253
"../../../Engine/Content/EngineMaterials/Good64x64TilingNoiseHighFreq.uasset" 254
"../../../Engine/Content/EngineMaterials/MiniFont.uasset" 255
"../../../Engine/Content/EngineMaterials/InvalidLightmapSettings.uasset" 256
"../../../Engine/Content/EngineMaterials/M_InvalidLightmapSettings.uasset" 257
"../../../Engine/Content/Functions/Engine_MaterialFunctions02/WorldPositionOffset/CameraOffset.uasset" 258
"../../../Engine/Content/EngineMaterials/PhAT_JointLimitMaterial.uasset" 259
"../../../Engine/Content/EngineMaterials/PreintegratedSkinBRDF.uasset" 260
"../../../Engine/Content/EngineMaterials/RemoveSurfaceMaterial.uasset" 261
"../../../Engine/Content/EngineMaterials/WeightMapPlaceholderTexture.uasset" 262
"../../../Engine/Content/EngineResources/WhiteSquareTexture.uasset" 263
"../../../Engine/Content/EngineMaterials/Widget3DPassThrough.uasset" 264
"../../../Engine/Content/EngineMaterials/Widget3DPassThrough_Masked.uasset" 265
"../../../Engine/Content/EngineMaterials/Widget3DPassThrough_Opaque.uasset" 266
"../../../Engine/Content/EngineMaterials/Widget3DPassThrough_Masked_OneSided.uasset" 267
"../../../Engine/Content/EngineMaterials/Widget3DPassThrough_Opaque_OneSided.uasset" 268
"../../../Engine/Content/EngineMaterials/Widget3DPassThrough_Translucent.uasset" 269
"../../../Engine/Content/EngineMaterials/Widget3DPassThrough_Translucent_OneSided.uasset" 270
"../../../Engine/Content/EngineMeshes/Cylinder.uasset" 271
"../../../Engine/Content/EngineMeshes/Sphere.uasset" 272
"../../../Engine/Content/EngineResources/Black.uasset" 273
"../../../Engine/Content/EngineResources/DefaultTexture.uasset" 274
"../../../Engine/Content/EngineResources/DefaultTextureCube.uasset" 275
"../../../Engine/Content/EngineResources/DefaultVolumeTexture2D.uasset" 276
"../../../Engine/Content/EngineResources/DefaultVolumeTexture.uasset" 277
"../../../Engine/Content/EngineResources/GradientTexture0.uasset" 278
"../../../Engine/Content/EngineSounds/Master.uasset" 279
"../../../Engine/Content/Functions/Engine_MaterialFunctions01/Shading/ConvertFromDiffSpec.uasset" 280
"../../../Engine/Content/Functions/Engine_MaterialFunctions01/Shading/PowerToRoughness.uasset" 281
"../../../Engine/Content/Maps/Templates/Thumbnails/Default.uasset" 282
"../../../Engine/Content/Maps/Templates/Thumbnails/VR-Basic.uasset" 283
"../../../Engine/Content/MobileResources/T_MobileControls_texture.uasset" 284
"../../../Engine/Content/MobileResources/T_MobileMenu2.uasset" 285
"../../../Engine/Content/MobileResources/HUD/AnalogHat.uasset" 286
"../../../Engine/Content/MobileResources/HUD/VirtualJoystick_Background.uasset" 287
"../../../Engine/Content/MobileResources/HUD/VirtualJoystick_Thumb.uasset" 288
"../../../Engine/Content/MobileResources/HUD/DefaultVirtualJoysticks.uasset" 289
"../../../Engine/Content/MobileResources/HUD/LeftVirtualJoystickOnly.uasset" 290
"../../../Engine/Content/MobileResources/HUD/MobileHUDButton1_off.uasset" 291
"../../../Engine/Content/MobileResources/HUD/MobileHUDButton1_on.uasset" 292
"../../../Engine/Content/MobileResources/HUD/MobileHUDButton2_off.uasset" 293
"../../../Engine/Content/MobileResources/HUD/MobileHUDButton2_on.uasset" 294
"../../../Engine/Content/MobileResources/HUD/MobileHUDButton3.uasset" 295
"../../../Engine/Content/MobileResources/HUD/MobileHUDButtonFire.uasset" 296
"../../../Engine/Content/MobileResources/HUD/MobileHUDDirectionPad.uasset" 297
"../../../Engine/Content/MobileResources/HUD/MobileHUDDirectionPad2.uasset" 298
"../../../Engine/Content/MobileResources/HUD/MobileHUDDirectionPad3.uasset" 299
"../../../Engine/Content/MobileResources/HUD/MobileHUDDirectionStick.uasset" 300
"../../../Engine/Content/MobileResources/HUD/T_Castle_ThumbstickInner.uasset" 301
"../../../Engine/Content/MobileResources/HUD/T_Castle_ThumbstickOutter.uasset" 302
"../../../Engine/Content/Tutorial/ContentIntroCurve.uasset" 303
"../../../Engine/Content/Tutorial/Basics/TutorialAssets/icon_tab_Levels_40x.uasset" 304
"../../../Engine/Content/VREditor/LaserPointer/VR_LaserPower_01.uasset" 305
"../../../Engine/Content/VREditor/TransformGizmo/TransformGizmoMaterial.uasset" 306
"../../../Engine/Content/VREditor/TransformGizmo/TranslucentTransformGizmoMaterial.uasset" 307
"../../../Engine/Content/VREditor/TransformGizmo/BoundingBoxCorner.uasset" 308
"../../../Engine/Content/VREditor/TransformGizmo/BoundingBoxEdge.uasset" 309
"../../../Engine/Content/VREditor/TransformGizmo/PlaneTranslationHandle.uasset" 310
"../../../Engine/Content/VREditor/TransformGizmo/Main.uasset" 311
"../../../Engine/Content/VREditor/TransformGizmo/Xray.uasset" 312
"../../../Engine/Content/VREditor/TransformGizmo/SM_Sequencer_Key.uasset" 313
"../../../Engine/Content/VREditor/TransformGizmo/SM_Sequencer_Node.uasset" 314
"../../Plugins/2D/Paper2D/Content/PlaceholderTextures/DummySpriteTexture.uasset" 315
"../../Plugins/2D/Paper2D/Content/DummySprite.uasset" 316
"../../Plugins/2D/Paper2D/Content/DefaultPaperTerrainMaterial.uasset" 317
"../../Plugins/2D/Paper2D/Content/DefaultSpriteMaterial.uasset" 318
"../../Plugins/2D/Paper2D/Content/MaskedUnlitSpriteMaterial.uasset" 319
"../../Plugins/2D/Paper2D/Content/OpaqueUnlitSpriteMaterial.uasset" 320
"../../Plugins/Runtime/Oculus/OculusVR/Content/Materials/PokeAHoleMaterial.uasset" 321
"../../Plugins/Runtime/Oculus/OculusVR/Content/Textures/GearVRController_AO.uasset" 322
"../../Plugins/Runtime/Oculus/OculusVR/Content/Textures/GearVRController_Color.uasset" 323
"../../Plugins/Runtime/Oculus/OculusVR/Content/Textures/GearVRController_Normal.uasset" 324
"../../Plugins/Runtime/Oculus/OculusVR/Content/Materials/GearVRControllerMaterial.uasset" 325
"../../Plugins/Runtime/Oculus/OculusVR/Content/Meshes/GearVrController.uasset" 326
"../../Plugins/Runtime/Oculus/OculusVR/Content/Textures/touchController_albedo.uasset" 327
"../../Plugins/Runtime/Oculus/OculusVR/Content/Textures/touchController_controlmap.uasset" 328
"../../Plugins/Runtime/Oculus/OculusVR/Content/Materials/touchController_mat.uasset" 329
"../../Plugins/Runtime/Oculus/OculusVR/Content/Meshes/LeftTouchController.uasset" 330
"../../Plugins/Runtime/Oculus/OculusVR/Content/Meshes/RiftHMD.uasset" 331
"../../Plugins/Runtime/Oculus/OculusVR/Content/Meshes/RightTouchController.uasset" 332
"../../../Engine/Content/EngineSky/C_Sky_Cloud_Color.uasset" 333
"../../../Engine/Content/EngineSky/C_Sky_Horizon_Color.uasset" 334
"../../../Engine/Content/EngineSky/C_Sky_Zenith_Color.uasset" 335
"../../../Engine/Content/EngineSky/T_Sky_Blue.uasset" 336
"../../../Engine/Content/EngineSky/T_Sky_Clouds_M.uasset" 337
"../../../Engine/Content/EngineSky/T_Sky_Stars.uasset" 338
"../../../Engine/Content/EngineSky/M_Sky_Panning_Clouds2.uasset" 339
"../../../Engine/Content/EngineSky/SM_SkySphere.uasset" 340
"../../../Engine/Content/EngineSky/BP_Sky_Sphere.uasset" 341
"../../../Engine/Content/EditorSounds/GamePreview/EndPlayInEditor.uasset" 342
"../../../Engine/Content/EditorSounds/GamePreview/EndPlayInEditor_Cue.uasset" 343
"../../../../../repositories/uni/NeonBullet_01/Content/Imports/Turrets/Turret.uasset" 344
"../../../../../repositories/uni/NeonBullet_01/Content/Blueprint/EnemyTurret_BP.uasset" 345
"../../../../../repositories/uni/NeonBullet_01/Content/Imports/Materials/M_Firerate.uasset" 346
"../../../../../repositories/uni/NeonBullet_01/Content/Imports/Pickups/fireboost.uasset" 347
"../../../../../repositories/uni/NeonBullet_01/Content/Blueprint/Powerups/FireratePowerup.uasset" 348
"../../../Engine/Content/VREditor/Sounds/UI/Object_PickUp.uasset" 349
"../../../Engine/Content/VREditor/BasicMeshes/T_CleanFloorGrunge_01_D.uasset" 350
"../../../Engine/Content/VREditor/BasicMeshes/M_Floor_01.uasset" 351
"../../../../../repositories/uni/NeonBullet_01/Content/Imports/Pickups/healthpack_boxalone2.uasset" 352
"../../../../../repositories/uni/NeonBullet_01/Content/Blueprint/Powerups/HealthPickup.uasset" 353
"../../../Engine/Content/Tutorial/SubEditors/TutorialAssets/TutorialMaterial.uasset" 354
"../../../../../repositories/uni/NeonBullet_01/Content/Imports/Pickups/Speed_Powerup.uasset" 355
"../../../../../repositories/uni/NeonBullet_01/Content/Blueprint/Powerups/SpeedPowerup.uasset" 356
"../../../../../repositories/uni/NeonBullet_01/Content/Imports/Drones/I_see_you_Bomb_PhysicsAsset.uasset" 357
"../../../../../repositories/uni/NeonBullet_01/Content/Imports/Drones/I_see_you_Bomb.uasset" 358
"../../../../../repositories/uni/NeonBullet_01/Content/Blueprint/EnemyDrone_BP.uasset" 359
"../../../../../repositories/uni/NeonBullet_01/Content/Blueprint/Spawners_and_portals/EnemyPortal.uasset" 360
"../../../Engine/Content/MapTemplates/Materials/BasicAsset03.uasset" 361
"../../../../../repositories/uni/NeonBullet_01/Content/Blueprint/Spawners_and_portals/hub.uasset" 362
"../../../../../repositories/uni/NeonBullet_01/Content/Maps/Arena_1_BuiltData.uasset" 363
"../../../../../repositories/uni/NeonBullet_01/Content/Blueprint/UI/HUD_BP.uasset" 364
"../../../../../repositories/uni/NeonBullet_01/Content/Imports/Static/Road_Barricade_with_Tape.uasset" 365
"../../../../../repositories/uni/NeonBullet_01/Content/Imports/Static/STOP_Tape.uasset" 366
"../../../../../repositories/uni/NeonBullet_01/Content/Imports/Static/Barricade_fysics.uasset" 367
"../../../../../repositories/uni/NeonBullet_01/Content/Imports/Static/Bilboard_Metal_Cross.uasset" 368
"../../../../../repositories/uni/NeonBullet_01/Content/Imports/Static/Bilboard_Metal_Supports.uasset" 369
"../../../../../repositories/uni/NeonBullet_01/Content/Imports/Static/Bilboard_Screen.uasset" 370
"../../../../../repositories/uni/NeonBullet_01/Content/Imports/Static/Bilboard.uasset" 371
"../../../../../repositories/uni/NeonBullet_01/Content/Imports/Static/Blockade1.uasset" 372
"../../../../../repositories/uni/NeonBullet_01/Content/Imports/Static/Blockade_edge.uasset" 373
"../../../../../repositories/uni/NeonBullet_01/Content/Imports/Static/Blockade.uasset" 374
"../../../../../repositories/uni/NeonBullet_01/Content/Imports/Static/Container.uasset" 375
"../../../../../repositories/uni/NeonBullet_01/Content/Imports/Static/Container_Steel.uasset" 376
"../../../../../repositories/uni/NeonBullet_01/Content/Imports/Static/Container_.uasset" 377
"../../../../../repositories/uni/NeonBullet_01/Content/Imports/Static/Barrel_2.uasset" 378
"../../../../../repositories/uni/NeonBullet_01/Content/Imports/Static/Grey_Barrel.uasset" 379
"../../../../../repositories/uni/NeonBullet_01/Content/Imports/Static/Barrel_Red.uasset" 380
"../../../../../repositories/uni/NeonBullet_01/Content/Imports/Static/RED_Barrel.uasset" 381
"../../../../../repositories/uni/NeonBullet_01/Content/Imports/Static/Road_Barricade_.uasset" 382
"../../../../../repositories/uni/NeonBullet_01/Content/Imports/Static/Round_Sign_1.uasset" 383
"../../../../../repositories/uni/NeonBullet_01/Content/Imports/Static/Steel_Pole.uasset" 384
"../../../../../repositories/uni/NeonBullet_01/Content/Imports/Static/Round_Sign_.uasset" 385
"../../../../../repositories/uni/NeonBullet_01/Content/Imports/Static/Square_Sign_1.uasset" 386
"../../../../../repositories/uni/NeonBullet_01/Content/Imports/Static/Square_Sign.uasset" 387
"../../../../../repositories/uni/NeonBullet_01/Content/Imports/Static/Traffic_Cone_Material.uasset" 388
"../../../../../repositories/uni/NeonBullet_01/Content/Imports/Static/Traffic_Cone.uasset" 389
"../../../../../repositories/uni/NeonBullet_01/Content/Imports/Static/Traingel_Sign_1.uasset" 390
"../../../../../repositories/uni/NeonBullet_01/Content/Imports/Static/Triangle_Sign.uasset" 391
"../../../../../repositories/uni/NeonBullet_01/Content/Maps/Arena_1.umap" 392
"../../../../../repositories/uni/NeonBullet_01/Content/Blueprint/Spawners_and_portals/EnemyPortal1.uasset" 393
"../../../../../repositories/uni/NeonBullet_01/Content/Blueprint/Spawners_and_portals/EnemyPortal2.uasset" 394
"../../../../../repositories/uni/NeonBullet_01/Content/Blueprint/Spawners_and_portals/EnemyPortal3.uasset" 395
"../../../../../repositories/uni/NeonBullet_01/Content/Maps/Arena_2_BuiltData.uasset" 396
"../../../../../repositories/uni/NeonBullet_01/Content/Imports/Static/Truck_Connectors.uasset" 397
"../../../../../repositories/uni/NeonBullet_01/Content/Imports/Static/Truck_Door.uasset" 398
"../../../../../repositories/uni/NeonBullet_01/Content/Imports/Static/Truck_Main_Body.uasset" 399
"../../../../../repositories/uni/NeonBullet_01/Content/Imports/Static/Truck_Trunk.uasset" 400
"../../../../../repositories/uni/NeonBullet_01/Content/Imports/Static/Truck_Wheels.uasset" 401
"../../../../../repositories/uni/NeonBullet_01/Content/Imports/Static/Truck_Windows.uasset" 402
"../../../../../repositories/uni/NeonBullet_01/Content/Imports/Static/Wheels_Rubber.uasset" 403
"../../../../../repositories/uni/NeonBullet_01/Content/Imports/Static/Wheels_Steel.uasset" 404
"../../../../../repositories/uni/NeonBullet_01/Content/Imports/Static/Truck.uasset" 405
"../../../../../repositories/uni/NeonBullet_01/Content/Maps/Arena_2.umap" 406
"../../../../../repositories/uni/NeonBullet_01/Content/Maps/Arena_3_BuiltData.uasset" 407
"../../../../../repositories/uni/NeonBullet_01/Content/Maps/Arena_3.umap" 408
"../../../../../repositories/uni/NeonBullet_01/Content/Blueprint/Spawners_and_portals/Level_1.uasset" 409
"../../../../../repositories/uni/NeonBullet_01/Content/Blueprint/Spawners_and_portals/Level_2.uasset" 410
"../../../../../repositories/uni/NeonBullet_01/Content/Blueprint/Spawners_and_portals/Level_3.uasset" 411
"../../../../../repositories/uni/NeonBullet_01/Content/Maps/Arena_Hub_BuiltData.uasset" 412
"../../../../../repositories/uni/NeonBullet_01/Content/Maps/Arena_Hub.umap" 413
"../../../../../repositories/uni/NeonBullet_01/Content/Maps/Main_Menu_NB_BuiltData.uasset" 414
"../../../../../repositories/uni/NeonBullet_01/Content/Blueprint/UI/MainMenu_BP.uasset" 415
"../../../../../repositories/uni/NeonBullet_01/Content/Maps/Main_Menu_NB.umap" 416
"../../../../../repositories/uni/NeonBullet_01/Content/OLD/Old_Maps/Level_01_BuiltData.uasset" 417
"../../../../../repositories/uni/NeonBullet_01/Content/Imports/Sounds/prepare3.uasset" 418
"../../../../../repositories/uni/NeonBullet_01/Content/OLD/Old_Maps/Level_01.umap" 419
"../../../../../repositories/uni/NeonBullet_01/Content/OLD/Old_Maps/Level_02_BuiltData.uasset" 420
"../../../../../repositories/uni/NeonBullet_01/Content/OLD/Old_Maps/Level_02.umap" 421
"../../../Engine/Content/Maps/Entry_BuiltData.uasset" 422
"../../../Engine/Content/Maps/Entry.umap" 423
